<?xml version="1.0" encoding="utf-8"?><testsuites><testsuite name="pytest" errors="0" failures="0" skipped="0" tests="18" time="85.067" timestamp="2023-01-26T09:41:09.876196" hostname="medusa"><testcase classname="test.test_validate.ValidatorUnitTest" name="test_validator_dividedunit" time="0.006" /><testcase classname="test.test_validate.ValidatorUnitTest" name="test_validator_misspelling" time="0.003" /><testcase classname="test.test_validate.ValidatorUnitTest" name="test_validator_no_SI_Unit" time="0.002" /><testcase classname="test.test_validate.ValidatorUnitTest" name="test_validator_prefixedunit" time="0.002" /><testcase classname="test.test_validate.ValidatorUnitTest" name="test_validator_true" time="0.002" /><testcase classname="test.test_list.ListUnitTest" name="test_get_concept_uri_hasSpaces_succeeds" time="22.945" /><testcase classname="test.test_list.ListUnitTest" name="test_get_concept_uri_succeeds" time="24.992" /><testcase classname="test.test_list.ListUnitTest" name="test_get_unit_uri_hasBraces_succeeds" time="0.239" /><testcase classname="test.test_list.ListUnitTest" name="test_get_unit_uri_succeeds" time="0.056" /><testcase classname="test.test_list.ListUnitTest" name="test_list_concepts_succeeds" time="19.513" /><testcase classname="test.test_list.ListUnitTest" name="test_list_units_fails" time="0.116" /><testcase classname="test.test_list.ListUnitTest" name="test_list_units_succeeds" time="0.066" /><testcase classname="test.test_app.AppUnitTest" name="test_save_concept_name_null_fails" time="0.004" /><testcase classname="test.test_app.AppUnitTest" name="test_save_concept_uri_and_name_null_fails" time="0.002" /><testcase classname="test.test_app.AppUnitTest" name="test_save_concept_uri_null_fails" time="0.002" /><testcase classname="test.test_app.AppUnitTest" name="test_save_unit_name_null_fails" time="0.002" /><testcase classname="test.test_app.AppUnitTest" name="test_save_unit_uri_and_name_null_fails" time="0.002" /><testcase classname="test.test_app.AppUnitTest" name="test_save_unit_uri_null_fails" time="0.002" /></testsuite></testsuites>