<?xml version="1.0" encoding="utf-8"?><testsuites><testsuite name="pytest" errors="0" failures="0" skipped="0" tests="48" time="25.604" timestamp="2025-01-29T15:46:14.797988+01:00" hostname="medusa"><testcase classname="test.test_app.JwtTest" name="test_delete_database_no_auth_fails" time="11.131" /><testcase classname="test.test_app.JwtTest" name="test_delete_database_no_role_fails" time="0.317" /><testcase classname="test.test_app.JwtTest" name="test_delete_database_not_found_fails" time="0.370" /><testcase classname="test.test_app.JwtTest" name="test_delete_database_succeeds" time="0.524" /><testcase classname="test.test_app.JwtTest" name="test_get_fields_fails" time="0.154" /><testcase classname="test.test_app.JwtTest" name="test_get_fields_succeeds" time="0.218" /><testcase classname="test.test_app.JwtTest" name="test_get_fuzzy_search_no_query_fails" time="0.173" /><testcase classname="test.test_app.JwtTest" name="test_get_fuzzy_search_succeeds" time="0.283" /><testcase classname="test.test_app.JwtTest" name="test_get_index_fails" time="0.240" /><testcase classname="test.test_app.JwtTest" name="test_get_index_succeeds" time="0.190" /><testcase classname="test.test_app.JwtTest" name="test_health_succeeds" time="0.160" /><testcase classname="test.test_app.JwtTest" name="test_post_general_search_column_succeeds" time="0.386" /><testcase classname="test.test_app.JwtTest" name="test_post_general_search_concept_succeeds" time="0.341" /><testcase classname="test.test_app.JwtTest" name="test_post_general_search_identifier_succeeds" time="0.312" /><testcase classname="test.test_app.JwtTest" name="test_post_general_search_media_type_fails" time="0.140" /><testcase classname="test.test_app.JwtTest" name="test_post_general_search_no_body_fails" time="0.134" /><testcase classname="test.test_app.JwtTest" name="test_post_general_search_succeeds" time="0.284" /><testcase classname="test.test_app.JwtTest" name="test_post_general_search_table_succeeds" time="0.336" /><testcase classname="test.test_app.JwtTest" name="test_post_general_search_unit_succeeds" time="0.246" /><testcase classname="test.test_app.JwtTest" name="test_post_general_search_view_succeeds" time="0.281" /><testcase classname="test.test_app.JwtTest" name="test_update_database_empty_body_fails" time="0.177" /><testcase classname="test.test_app.JwtTest" name="test_update_database_malformed_body_fails" time="0.180" /><testcase classname="test.test_app.JwtTest" name="test_update_database_media_type_fails" time="0.231" /><testcase classname="test.test_app.JwtTest" name="test_update_database_no_auth_fails" time="0.119" /><testcase classname="test.test_app.JwtTest" name="test_update_database_no_body_fails" time="0.150" /><testcase classname="test.test_app.JwtTest" name="test_update_database_succeeds" time="0.243" /><testcase classname="test.test_jwt.JwtTest" name="test_get_user_roles_succeeds" time="0.146" /><testcase classname="test.test_jwt.JwtTest" name="test_verify_password_empty_password_fails" time="0.144" /><testcase classname="test.test_jwt.JwtTest" name="test_verify_password_empty_username_fails" time="0.127" /><testcase classname="test.test_jwt.JwtTest" name="test_verify_password_no_password_fails" time="0.142" /><testcase classname="test.test_jwt.JwtTest" name="test_verify_password_no_username_fails" time="0.146" /><testcase classname="test.test_jwt.JwtTest" name="test_verify_password_succeeds" time="0.152" /><testcase classname="test.test_jwt.JwtTest" name="test_verify_token_empty_token_fails" time="0.144" /><testcase classname="test.test_jwt.JwtTest" name="test_verify_token_malformed_token_fails" time="0.143" /><testcase classname="test.test_jwt.JwtTest" name="test_verify_token_no_token_fails" time="0.130" /><testcase classname="test.test_jwt.JwtTest" name="test_verify_token_succeeds" time="0.212" /><testcase classname="test.test_opensearch_client.OpenSearchClientTest" name="test_delete_database_fails" time="0.120" /><testcase classname="test.test_opensearch_client.OpenSearchClientTest" name="test_delete_database_succeeds" time="0.172" /><testcase classname="test.test_opensearch_client.OpenSearchClientTest" name="test_fuzzy_search_succeeds" time="0.190" /><testcase classname="test.test_opensearch_client.OpenSearchClientTest" name="test_get_fields_for_index_database_succeeds" time="0.201" /><testcase classname="test.test_opensearch_client.OpenSearchClientTest" name="test_get_fields_for_index_user_succeeds" time="0.202" /><testcase classname="test.test_opensearch_client.OpenSearchClientTest" name="test_unit_independent_search_fails" time="0.208" /><testcase classname="test.test_opensearch_client.OpenSearchClientTest" name="test_update_database_create_succeeds" time="0.205" /><testcase classname="test.test_opensearch_client.OpenSearchClientTest" name="test_update_database_malformed_fails" time="0.237" /><testcase classname="test.test_opensearch_client.OpenSearchClientTest" name="test_update_database_succeeds" time="0.214" /><testcase classname="test.test_keycloak_client.JwtTest" name="test_obtain_user_token_malformed_fails" time="0.112" /><testcase classname="test.test_keycloak_client.JwtTest" name="test_obtain_user_token_succeeds" time="0.149" /><testcase classname="test.test_keycloak_client.JwtTest" name="test_verify_jwt_succeeds" time="0.684" /></testsuite></testsuites>