<?xml version="1.0" encoding="utf-8"?><testsuites><testsuite name="pytest" errors="0" failures="0" skipped="0" tests="12" time="1.131" timestamp="2023-01-26T09:31:19.024531" hostname="medusa"><testcase classname="test.test_determine_dt.DetermineDatatypesTest" name="test_determine_datatypes_fileDoesNotExist_fails" time="0.001" /><testcase classname="test.test_determine_dt.DetermineDatatypesTest" name="test_determine_datatypes_fileEmpty_fails" time="0.002" /><testcase classname="test.test_determine_dt.DetermineDatatypesTest" name="test_determine_datatypes_separatorSemicolon_succeeds" time="0.004" /><testcase classname="test.test_determine_dt.DetermineDatatypesTest" name="test_determine_datatypes_succeeds" time="0.166" /><testcase classname="test.test_determine_pk.DeterminePrimaryKeyTest" name="test_determine_pk_largeFileIdFirst_succeeds" time="0.073" /><testcase classname="test.test_determine_pk.DeterminePrimaryKeyTest" name="test_determine_pk_largeFileIdInBetween_succeeds" time="0.072" /><testcase classname="test.test_determine_pk.DeterminePrimaryKeyTest" name="test_determine_pk_largeFileNoPrimaryKey_fails" time="0.062" /><testcase classname="test.test_determine_pk.DeterminePrimaryKeyTest" name="test_determine_pk_largeFileNullInUnique_fails" time="0.106" /><testcase classname="test.test_determine_pk.DeterminePrimaryKeyTest" name="test_determine_pk_smallFileIdFirst_fails" time="0.013" /><testcase classname="test.test_determine_pk.DeterminePrimaryKeyTest" name="test_determine_pk_smallFileIdIntBetween_fails" time="0.013" /><testcase classname="test.test_determine_pk.DeterminePrimaryKeyTest" name="test_determine_pk_smallFileNoPrimaryKey_fails" time="0.011" /><testcase classname="test.test_determine_pk.DeterminePrimaryKeyTest" name="test_determine_pk_smallFileNullInUnique_fails" time="0.012" /></testsuite></testsuites>